#
# A fatal error has been detected by the Java Runtime Environment:
#
#  SIGSEGV (0xb) at pc=0x0000000198874c58, pid=67186, tid=0x0000000000001603
#
# JRE version: Java(TM) SE Runtime Environment (8.0_112-b16) (build 1.8.0_112-b16)
# Java VM: Java HotSpot(TM) 64-Bit Server VM (25.112-b16 mixed mode bsd-amd64 compressed oops)
# Problematic frame:
# C  [librxtxSerial.jnilib+0x3c58]  read_byte_array+0x7f
#
# Failed to write core dump. Core dumps have been disabled. To enable core dumping, try "ulimit -c unlimited" before starting Java again
#
# If you would like to submit a bug report, please visit:
#   http://bugreport.java.com/bugreport/crash.jsp
# The crash happened outside the Java Virtual Machine in native code.
# See problematic frame for where to report the bug.
#

---------------  T H R E A D  ---------------

Current thread (0x00007fa806803800):  JavaThread "main" [_thread_in_native, id=5635, stack(0x0000700003ab7000,0x0000700003bb7000)]

siginfo: si_signo: 11 (SIGSEGV), si_code: 1 (SEGV_MAPERR), si_addr: 0x0000700005b22718

Registers:
RAX=0x0000700005b22710, RBX=0x000000012539e7a8, RCX=0x0000000000000000, RDX=0x0000000000000002
RSP=0x0000700003bb6640, RBP=0x0000700003bb6780, RSI=0x0000000198878544, RDI=0x0000000198878162
R8 =0x0000000000000065, R9 =0x000000076c63b418, R10=0x0000000000000018, R11=0x000000010136fe80
R12=0x0000000000000000, R13=0x000000012539e7a0, R14=0x0000700003bb6838, R15=0x00007fa806803800
RIP=0x0000000198874c58, EFLAGS=0x0000000000010202, ERR=0x0000000000000004
  TRAPNO=0x000000000000000e

Top of Stack: (sp=0x0000700003bb6640)
0x0000700003bb6640:   00007fa80e1bbb40 00007fa806803800
0x0000700003bb6650:   0000000101af3460 00000000000000e2
0x0000700003bb6660:   0000700003bb66f0 00000001ffffffff
0x0000700003bb6670:   0000700003bb67b3 0000002200000002
0x0000700003bb6680:   0000700003bb67a0 00007fa8068039f8
0x0000700003bb6690:   00007fa806803800 0000000000000000
0x0000700003bb66a0:   00007fa805d05428 00007fa806803800
0x0000700003bb66b0:   00007fa807900188 00007fa8068039f8
0x0000700003bb66c0:   0000700003bb66f0 0000000100d9232d
0x0000700003bb66d0:   0000000000000000 00007fa806803800
0x0000700003bb66e0:   000000012539e7a8 0000700003bb6838
0x0000700003bb66f0:   0000700003bb6750 0000000198876c11
0x0000700003bb6700:   00007fa806803800 ffffffffffffffff
0x0000700003bb6710:   0000000198878160 0000000198878ac4
0x0000700003bb6720:   0000700003bb6838 00007fa8068039f8
0x0000700003bb6730:   0000000006803800 ffffffffffffffff
0x0000700003bb6740:   0000000000000000 0000000000000000
0x0000700003bb6750:   0000700003bb6780 0000000098876c63
0x0000700003bb6760:   0000700005b22710 0000000198878ac4
0x0000700003bb6770:   0000700003bb6838 000000012539e7a8
0x0000700003bb6780:   0000700003bb67c0 000000019887507c
0x0000700003bb6790:   0000000000000000 0000000104543bd8
0x0000700003bb67a0:   0000700003bb6838 00007fa8068039f8
0x0000700003bb67b0:   0000700003bb6830 ffffffff00000022
0x0000700003bb67c0:   0000700003bb6818 000000010b78a9f4
0x0000700003bb67d0:   0000000000000000 0000700003bb67d8
0x0000700003bb67e0:   0000000000000000 0000700003bb6838
0x0000700003bb67f0:   000000012e7ead38 0000000000000000
0x0000700003bb6800:   000000012539e7a8 0000000000000000
0x0000700003bb6810:   0000700003bb6838 0000700003bb6890
0x0000700003bb6820:   000000010b77ad00 0000000000000000
0x0000700003bb6830:   000000010b784536 000000076c63b418 

Instructions: (pc=0x0000000198874c58)
0x0000000198874c38:   bd 08 ff ff ff 48 8d 0d fe 38 00 00 48 8d 15 f9
0x0000000198874c48:   38 00 00 e8 88 1e 00 00 48 89 45 e0 48 8b 45 e0
0x0000000198874c58:   8b 40 08 89 45 d8 48 8b 45 e0 c7 40 08 00 00 00
0x0000000198874c68:   00 8b 85 ec fe ff ff 89 45 b0 83 bd e8 fe ff ff 

Register to memory mapping:

RAX=0x0000700005b22710 is an unknown value
RBX={method} {0x000000012539e7a8} 'readByte' '()I' in 'gnu/io/RXTXPort'
RCX=0x0000000000000000 is an unknown value
RDX=0x0000000000000002 is an unknown value
RSP=0x0000700003bb6640 is pointing into the stack for thread: 0x00007fa806803800
RBP=0x0000700003bb6780 is pointing into the stack for thread: 0x00007fa806803800
RSI=0x0000000198878544: Java_gnu_io_CommPortIdentifier_native_1psmisc_1report_1owner+0x850 in /Library/Java/Extensions/librxtxSerial.jnilib at 0x0000000198871000
RDI=0x0000000198878162: Java_gnu_io_CommPortIdentifier_native_1psmisc_1report_1owner+0x46e in /Library/Java/Extensions/librxtxSerial.jnilib at 0x0000000198871000
R8 =0x0000000000000065 is an unknown value
R9 =0x000000076c63b418 is an oop
gnu.io.RXTXPort 
 - klass: 'gnu/io/RXTXPort'
R10=0x0000000000000018 is an unknown value
R11=0x000000010136fe80: _ZN20SafepointSynchronize18_safepoint_counterE+0 in /Library/Java/JavaVirtualMachines/jdk1.8.0_112.jdk/Contents/Home/jre/lib/server/libjvm.dylib at 0x0000000100a7e000
R12=0x0000000000000000 is an unknown value
R13=0x000000012539e7a0 is pointing into metadata
R14=0x0000700003bb6838 is pointing into the stack for thread: 0x00007fa806803800
R15=0x00007fa806803800 is a thread


Stack: [0x0000700003ab7000,0x0000700003bb7000],  sp=0x0000700003bb6640,  free space=1021k
Native frames: (J=compiled Java code, j=interpreted, Vv=VM code, C=native code)
C  [librxtxSerial.jnilib+0x3c58]  read_byte_array+0x7f
C  [librxtxSerial.jnilib+0x407c]  Java_gnu_io_RXTXPort_readByte+0x6c
j  gnu.io.RXTXPort.readByte()I+0
j  gnu.io.RXTXPort$SerialInputStream.read()I+61
j  legendofakira.Main.main([Ljava/lang/String;)V+308
v  ~StubRoutines::call_stub
V  [libjvm.dylib+0x2edbd2]  JavaCalls::call_helper(JavaValue*, methodHandle*, JavaCallArguments*, Thread*)+0x6ae
V  [libjvm.dylib+0x3249ca]  jni_invoke_static(JNIEnv_*, JavaValue*, _jobject*, JNICallType, _jmethodID*, JNI_ArgumentPusher*, Thread*)+0x1bf
V  [libjvm.dylib+0x31d741]  jni_CallStaticVoidMethod+0x15d
C  [java+0x3931]  JavaMain+0x9c4
C  [libsystem_pthread.dylib+0x393b]  _pthread_body+0xb4
C  [libsystem_pthread.dylib+0x3887]  _pthread_body+0x0
C  [libsystem_pthread.dylib+0x308d]  thread_start+0xd
C  0x0000000000000000

Java frames: (J=compiled Java code, j=interpreted, Vv=VM code)
j  gnu.io.RXTXPort.readByte()I+0
j  gnu.io.RXTXPort$SerialInputStream.read()I+61
j  legendofakira.Main.main([Ljava/lang/String;)V+308
v  ~StubRoutines::call_stub

---------------  P R O C E S S  ---------------

Java Threads: ( => current thread )
  0x00007fa806b66800 JavaThread "TimerQueue" daemon [_thread_blocked, id=99867, stack(0x000070000548e000,0x000070000558e000)]
  0x00007fa806b52000 JavaThread "Thread-1" [_thread_blocked, id=101907, stack(0x0000700005920000,0x0000700005a20000)]
  0x00007fa8069b2000 JavaThread "Java Sound Event Dispatcher" daemon [_thread_blocked, id=100631, stack(0x000070000579a000,0x000070000589a000)]
  0x00007fa806189800 JavaThread "AWT-EventQueue-0" [_thread_blocked, id=64515, stack(0x0000700005591000,0x0000700005691000)]
  0x00007fa8080a5000 JavaThread "Java2D Disposer" daemon [_thread_blocked, id=63491, stack(0x000070000538b000,0x000070000548b000)]
  0x00007fa8089c3800 JavaThread "Java2D Queue Flusher" daemon [_thread_blocked, id=55311, stack(0x0000700005205000,0x0000700005305000)]
  0x00007fa807041800 JavaThread "AWT-Shutdown" [_thread_blocked, id=32031, stack(0x0000700004ef6000,0x0000700004ff6000)]
  0x00007fa80802e000 JavaThread "AppKit Thread" daemon [_thread_in_native, id=775, stack(0x00007fff5ea21000,0x00007fff5f221000)]
  0x00007fa808812000 JavaThread "Service Thread" daemon [_thread_blocked, id=21251, stack(0x0000700004c6d000,0x0000700004d6d000)]
  0x00007fa807005000 JavaThread "C1 CompilerThread3" daemon [_thread_blocked, id=20739, stack(0x0000700004b6a000,0x0000700004c6a000)]
  0x00007fa807003000 JavaThread "C2 CompilerThread2" daemon [_thread_blocked, id=20227, stack(0x0000700004a67000,0x0000700004b67000)]
  0x00007fa808811000 JavaThread "C2 CompilerThread1" daemon [_thread_blocked, id=19715, stack(0x0000700004964000,0x0000700004a64000)]
  0x00007fa80880f800 JavaThread "C2 CompilerThread0" daemon [_thread_blocked, id=19203, stack(0x0000700004861000,0x0000700004961000)]
  0x00007fa808807000 JavaThread "Signal Dispatcher" daemon [_thread_blocked, id=18691, stack(0x000070000475e000,0x000070000485e000)]
  0x00007fa809804000 JavaThread "Finalizer" daemon [_thread_blocked, id=14595, stack(0x000070000465b000,0x000070000475b000)]
  0x00007fa808805800 JavaThread "Reference Handler" daemon [_thread_blocked, id=14083, stack(0x0000700004558000,0x0000700004658000)]
=>0x00007fa806803800 JavaThread "main" [_thread_in_native, id=5635, stack(0x0000700003ab7000,0x0000700003bb7000)]

Other Threads:
  0x00007fa806058000 VMThread [stack: 0x0000700004455000,0x0000700004555000] [id=13571]
  0x00007fa80a000000 WatcherThread [stack: 0x0000700004d70000,0x0000700004e70000] [id=21763]

VM state:not at safepoint (normal execution)

VM Mutex/Monitor currently owned by a thread: None

Heap:
 PSYoungGen      total 76288K, used 40733K [0x000000076ab00000, 0x0000000774000000, 0x00000007c0000000)
  eden space 65536K, 46% used [0x000000076ab00000,0x000000076c892a50,0x000000076eb00000)
  from space 10752K, 97% used [0x000000076eb00000,0x000000076f534c30,0x000000076f580000)
  to   space 10752K, 0% used [0x0000000773580000,0x0000000773580000,0x0000000774000000)
 ParOldGen       total 175104K, used 40491K [0x00000006c0000000, 0x00000006cab00000, 0x000000076ab00000)
  object space 175104K, 23% used [0x00000006c0000000,0x00000006c278aff8,0x00000006cab00000)
 Metaspace       used 12847K, capacity 13150K, committed 13568K, reserved 1060864K
  class space    used 1589K, capacity 1705K, committed 1792K, reserved 1048576K

Card table byte_map: [0x0000000102fc0000,0x00000001037c1000] byte_map_base: 0x00000000ff9c0000

Marking Bits: (ParMarkBitMap*) 0x000000010136ed30
 Begin Bits: [0x000000011a773000, 0x000000011e773000)
 End Bits:   [0x000000011e773000, 0x0000000122773000)

Polling page: 0x0000000101a63000

CodeCache: size=245760Kb used=3071Kb max_used=3071Kb free=242688Kb
 bounds [0x000000010b773000, 0x000000010ba83000, 0x000000011a773000]
 total_blobs=1368 nmethods=831 adapters=451
 compilation: enabled

Compilation events (10 events):
Event: 12.330 Thread 0x00007fa807005000  826       3       java.lang.Math::getExponent (17 bytes)
Event: 12.330 Thread 0x00007fa807005000 nmethod 826 0x000000010ba723d0 code [0x000000010ba72520, 0x000000010ba72690]
Event: 12.333 Thread 0x00007fa807005000  827       3       sun.java2d.pipe.RenderBuffer::putInt (26 bytes)
Event: 12.333 Thread 0x00007fa807005000 nmethod 827 0x000000010ba72a50 code [0x000000010ba72bc0, 0x000000010ba72d30]
Event: 13.286 Thread 0x00007fa807005000  829       1       com.sun.media.sound.AbstractDataLine::getFormat (5 bytes)
Event: 13.286 Thread 0x00007fa807005000 nmethod 829 0x000000010ba72dd0 code [0x000000010ba72f20, 0x000000010ba73030]
Event: 13.680 Thread 0x00007fa807005000  830       1       com.sun.media.sound.AbstractDataLine::isActive (5 bytes)
Event: 13.681 Thread 0x00007fa807005000 nmethod 830 0x000000010ba73090 code [0x000000010ba731e0, 0x000000010ba732f0]
Event: 13.866 Thread 0x00007fa807005000  831       1       sun.java2d.opengl.OGLRenderQueue::access$000 (5 bytes)
Event: 13.867 Thread 0x00007fa807005000 nmethod 831 0x000000010ba73350 code [0x000000010ba734a0, 0x000000010ba73590]

GC Heap History (2 events):
Event: 0.760 GC heap before
{Heap before GC invocations=1 (full 0):
 PSYoungGen      total 76288K, used 51404K [0x000000076ab00000, 0x0000000770000000, 0x00000007c0000000)
  eden space 65536K, 78% used [0x000000076ab00000,0x000000076dd333b8,0x000000076eb00000)
  from space 10752K, 0% used [0x000000076f580000,0x000000076f580000,0x0000000770000000)
  to   space 10752K, 0% used [0x000000076eb00000,0x000000076eb00000,0x000000076f580000)
 ParOldGen       total 175104K, used 0K [0x00000006c0000000, 0x00000006cab00000, 0x000000076ab00000)
  object space 175104K, 0% used [0x00000006c0000000,0x00000006c0000000,0x00000006cab00000)
 Metaspace       used 10867K, capacity 11138K, committed 11520K, reserved 1058816K
  class space    used 1340K, capacity 1441K, committed 1536K, reserved 1048576K
Event: 0.781 GC heap after
Heap after GC invocations=1 (full 0):
 PSYoungGen      total 76288K, used 10451K [0x000000076ab00000, 0x0000000774000000, 0x00000007c0000000)
  eden space 65536K, 0% used [0x000000076ab00000,0x000000076ab00000,0x000000076eb00000)
  from space 10752K, 97% used [0x000000076eb00000,0x000000076f534c30,0x000000076f580000)
  to   space 10752K, 0% used [0x0000000773580000,0x0000000773580000,0x0000000774000000)
 ParOldGen       total 175104K, used 40491K [0x00000006c0000000, 0x00000006cab00000, 0x000000076ab00000)
  object space 175104K, 23% used [0x00000006c0000000,0x00000006c278aff8,0x00000006cab00000)
 Metaspace       used 10867K, capacity 11138K, committed 11520K, reserved 1058816K
  class space    used 1340K, capacity 1441K, committed 1536K, reserved 1048576K
}

Deoptimization events (4 events):
Event: 0.605 Thread 0x00007fa806803800 Uncommon trap: reason=class_check action=maybe_recompile pc=0x000000010b8db31c method=java.lang.String.equals(Ljava/lang/Object;)Z @ 8
Event: 0.605 Thread 0x00007fa806803800 Uncommon trap: reason=class_check action=maybe_recompile pc=0x000000010b8db31c method=java.lang.String.equals(Ljava/lang/Object;)Z @ 8
Event: 0.605 Thread 0x00007fa806803800 Uncommon trap: reason=class_check action=maybe_recompile pc=0x000000010b8db31c method=java.lang.String.equals(Ljava/lang/Object;)Z @ 8
Event: 0.605 Thread 0x00007fa806803800 Uncommon trap: reason=class_check action=maybe_recompile pc=0x000000010b8db31c method=java.lang.String.equals(Ljava/lang/Object;)Z @ 8

Internal exceptions (10 events):
Event: 0.122 Thread 0x00007fa806803800 Exception <a 'java/security/PrivilegedActionException'> (0x000000076abc2550) thrown at [/Users/java_re/workspace/8-2-build-macosx-x86_64/jdk8u112/7935/hotspot/src/share/vm/prims/jvm.cpp, line 1390]
Event: 0.122 Thread 0x00007fa806803800 Exception <a 'java/security/PrivilegedActionException'> (0x000000076abc2760) thrown at [/Users/java_re/workspace/8-2-build-macosx-x86_64/jdk8u112/7935/hotspot/src/share/vm/prims/jvm.cpp, line 1390]
Event: 0.123 Thread 0x00007fa806803800 Exception <a 'java/security/PrivilegedActionException'> (0x000000076abc5a68) thrown at [/Users/java_re/workspace/8-2-build-macosx-x86_64/jdk8u112/7935/hotspot/src/share/vm/prims/jvm.cpp, line 1390]
Event: 0.123 Thread 0x00007fa806803800 Exception <a 'java/security/PrivilegedActionException'> (0x000000076abc5c78) thrown at [/Users/java_re/workspace/8-2-build-macosx-x86_64/jdk8u112/7935/hotspot/src/share/vm/prims/jvm.cpp, line 1390]
Event: 0.171 Thread 0x00007fa806803800 Exception <a 'java/lang/NoSuchFieldError': method resolution failed> (0x000000076addbb60) thrown at [/Users/java_re/workspace/8-2-build-macosx-x86_64/jdk8u112/7935/hotspot/src/share/vm/prims/methodHandles.cpp, line 1146]
Event: 0.172 Thread 0x00007fa806803800 Exception <a 'java/lang/NoSuchFieldError': method resolution failed> (0x000000076ade9330) thrown at [/Users/java_re/workspace/8-2-build-macosx-x86_64/jdk8u112/7935/hotspot/src/share/vm/prims/methodHandles.cpp, line 1146]
Event: 0.427 Thread 0x00007fa806803800 Exception <a 'java/io/FileNotFoundException'> (0x000000076ae63d58) thrown at [/Users/java_re/workspace/8-2-build-macosx-x86_64/jdk8u112/7935/hotspot/src/share/vm/prims/jni.cpp, line 709]
Event: 0.427 Thread 0x00007fa806803800 Exception <a 'java/io/FileNotFoundException'> (0x000000076ae648f8) thrown at [/Users/java_re/workspace/8-2-build-macosx-x86_64/jdk8u112/7935/hotspot/src/share/vm/prims/jni.cpp, line 709]
Event: 2.061 Thread 0x00007fa806803800 Exception <a 'java/io/FileNotFoundException'> (0x000000076c55fc68) thrown at [/Users/java_re/workspace/8-2-build-macosx-x86_64/jdk8u112/7935/hotspot/src/share/vm/prims/jni.cpp, line 709]
Event: 2.063 Thread 0x00007fa806803800 Exception <a 'java/io/FileNotFoundException'> (0x000000076c562220) thrown at [/Users/java_re/workspace/8-2-build-macosx-x86_64/jdk8u112/7935/hotspot/src/share/vm/prims/jni.cpp, line 709]

Events (10 events):
Event: 12.327 loading class javax/swing/TimerQueue$1 done
Event: 12.327 Thread 0x00007fa806b66800 Thread added: 0x00007fa806b66800
Event: 12.328 loading class javax/swing/JInternalFrame
Event: 12.328 loading class javax/swing/JInternalFrame done
Event: 12.328 loading class javax/swing/JMenu
Event: 12.328 loading class javax/swing/MenuElement
Event: 12.328 loading class javax/swing/MenuElement done
Event: 12.329 loading class javax/swing/JMenuItem
Event: 12.329 loading class javax/swing/JMenuItem done
Event: 12.329 loading class javax/swing/JMenu done


Dynamic libraries:
0x000000000f482000 	/System/Library/Frameworks/Cocoa.framework/Versions/A/Cocoa
0x000000000f482000 	/System/Library/Frameworks/Security.framework/Versions/A/Security
0x000000000f482000 	/System/Library/Frameworks/ApplicationServices.framework/Versions/A/ApplicationServices
0x000000000f482000 	/usr/lib/libz.1.dylib
0x000000000f482000 	/usr/lib/libSystem.B.dylib
0x000000000f482000 	/usr/lib/libobjc.A.dylib
0x000000000f482000 	/System/Library/Frameworks/CoreFoundation.framework/Versions/A/CoreFoundation
0x000000000f482000 	/System/Library/Frameworks/Foundation.framework/Versions/C/Foundation
0x000000000f482000 	/System/Library/Frameworks/AppKit.framework/Versions/C/AppKit
0x000000000f482000 	/System/Library/Frameworks/CoreData.framework/Versions/A/CoreData
0x000000000f482000 	/System/Library/PrivateFrameworks/RemoteViewServices.framework/Versions/A/RemoteViewServices
0x000000000f482000 	/System/Library/PrivateFrameworks/UIFoundation.framework/Versions/A/UIFoundation
0x000000000f482000 	/System/Library/PrivateFrameworks/DFRFoundation.framework/Versions/A/DFRFoundation
0x000000000f482000 	/usr/lib/libenergytrace.dylib
0x000000000f482000 	/System/Library/PrivateFrameworks/SkyLight.framework/Versions/A/SkyLight
0x000000000f482000 	/System/Library/Frameworks/CoreGraphics.framework/Versions/A/CoreGraphics
0x000000000f482000 	/usr/lib/libScreenReader.dylib
0x000000000f482000 	/System/Library/Frameworks/Accelerate.framework/Versions/A/Accelerate
0x000000000f482000 	/System/Library/Frameworks/IOSurface.framework/Versions/A/IOSurface
0x000000000f482000 	/System/Library/Frameworks/AudioToolbox.framework/Versions/A/AudioToolbox
0x000000000f482000 	/System/Library/Frameworks/AudioUnit.framework/Versions/A/AudioUnit
0x000000000f482000 	/System/Library/PrivateFrameworks/DataDetectorsCore.framework/Versions/A/DataDetectorsCore
0x000000000f482000 	/System/Library/PrivateFrameworks/DesktopServicesPriv.framework/Versions/A/DesktopServicesPriv
0x000000000f482000 	/System/Library/Frameworks/Carbon.framework/Versions/A/Frameworks/HIToolbox.framework/Versions/A/HIToolbox
0x000000000f482000 	/usr/lib/libicucore.A.dylib
0x000000000f482000 	/System/Library/Frameworks/QuartzCore.framework/Versions/A/QuartzCore
0x000000000f482000 	/System/Library/Frameworks/Carbon.framework/Versions/A/Frameworks/SpeechRecognition.framework/Versions/A/SpeechRecognition
0x000000000f482000 	/usr/lib/libauto.dylib
0x000000000f482000 	/usr/lib/libxml2.2.dylib
0x000000000f482000 	/System/Library/PrivateFrameworks/CoreUI.framework/Versions/A/CoreUI
0x000000000f482000 	/System/Library/Frameworks/CoreAudio.framework/Versions/A/CoreAudio
0x000000000f482000 	/System/Library/Frameworks/DiskArbitration.framework/Versions/A/DiskArbitration
0x000000000f482000 	/usr/lib/liblangid.dylib
0x000000000f482000 	/System/Library/PrivateFrameworks/MultitouchSupport.framework/Versions/A/MultitouchSupport
0x000000000f482000 	/System/Library/Frameworks/IOKit.framework/Versions/A/IOKit
0x000000000f482000 	/usr/lib/libDiagnosticMessagesClient.dylib
0x000000000f482000 	/System/Library/Frameworks/CoreServices.framework/Versions/A/CoreServices
0x000000000f482000 	/System/Library/PrivateFrameworks/PerformanceAnalysis.framework/Versions/A/PerformanceAnalysis
0x000000000f482000 	/System/Library/PrivateFrameworks/GenerationalStorage.framework/Versions/A/GenerationalStorage
0x000000000f482000 	/System/Library/Frameworks/OpenGL.framework/Versions/A/OpenGL
0x000000000f482000 	/System/Library/Frameworks/CoreImage.framework/Versions/A/CoreImage
0x000000000f482000 	/System/Library/Frameworks/CoreText.framework/Versions/A/CoreText
0x000000000f482000 	/System/Library/Frameworks/ImageIO.framework/Versions/A/ImageIO
0x000000000f482000 	/System/Library/PrivateFrameworks/Backup.framework/Versions/A/Backup
0x000000000f482000 	/usr/lib/libarchive.2.dylib
0x000000000f482000 	/System/Library/Frameworks/CFNetwork.framework/Versions/A/CFNetwork
0x000000000f482000 	/System/Library/Frameworks/SystemConfiguration.framework/Versions/A/SystemConfiguration
0x000000000f482000 	/usr/lib/libCRFSuite.dylib
0x000000000f482000 	/usr/lib/libc++.1.dylib
0x000000000f482000 	/usr/lib/libc++abi.dylib
0x000000000f482000 	/usr/lib/system/libcache.dylib
0x000000000f482000 	/usr/lib/system/libcommonCrypto.dylib
0x000000000f482000 	/usr/lib/system/libcompiler_rt.dylib
0x000000000f482000 	/usr/lib/system/libcopyfile.dylib
0x000000000f482000 	/usr/lib/system/libcorecrypto.dylib
0x000000000f482000 	/usr/lib/system/libdispatch.dylib
0x000000000f482000 	/usr/lib/system/libdyld.dylib
0x000000000f482000 	/usr/lib/system/libkeymgr.dylib
0x000000000f482000 	/usr/lib/system/liblaunch.dylib
0x000000000f482000 	/usr/lib/system/libmacho.dylib
0x000000000f482000 	/usr/lib/system/libquarantine.dylib
0x000000000f482000 	/usr/lib/system/libremovefile.dylib
0x000000000f482000 	/usr/lib/system/libsystem_asl.dylib
0x000000000f482000 	/usr/lib/system/libsystem_blocks.dylib
0x000000000f482000 	/usr/lib/system/libsystem_c.dylib
0x000000000f482000 	/usr/lib/system/libsystem_configuration.dylib
0x000000000f482000 	/usr/lib/system/libsystem_coreservices.dylib
0x000000000f482000 	/usr/lib/system/libsystem_coretls.dylib
0x000000000f482000 	/usr/lib/system/libsystem_dnssd.dylib
0x000000000f482000 	/usr/lib/system/libsystem_info.dylib
0x000000000f482000 	/usr/lib/system/libsystem_kernel.dylib
0x000000000f482000 	/usr/lib/system/libsystem_m.dylib
0x000000000f482000 	/usr/lib/system/libsystem_malloc.dylib
0x000000000f482000 	/usr/lib/system/libsystem_network.dylib
0x000000000f482000 	/usr/lib/system/libsystem_networkextension.dylib
0x000000000f482000 	/usr/lib/system/libsystem_notify.dylib
0x000000000f482000 	/usr/lib/system/libsystem_platform.dylib
0x000000000f482000 	/usr/lib/system/libsystem_pthread.dylib
0x000000000f482000 	/usr/lib/system/libsystem_sandbox.dylib
0x000000000f482000 	/usr/lib/system/libsystem_secinit.dylib
0x000000000f482000 	/usr/lib/system/libsystem_symptoms.dylib
0x000000000f482000 	/usr/lib/system/libsystem_trace.dylib
0x000000000f482000 	/usr/lib/system/libunwind.dylib
0x000000000f482000 	/usr/lib/system/libxpc.dylib
0x000000000f482000 	/usr/lib/libbsm.0.dylib
0x000000000f482000 	/usr/lib/system/libkxld.dylib
0x000000000f482000 	/usr/lib/libcoretls.dylib
0x000000000f482000 	/usr/lib/libcoretls_cfhelpers.dylib
0x000000000f482000 	/usr/lib/libOpenScriptingUtil.dylib
0x000000000f482000 	/usr/lib/libpam.2.dylib
0x000000000f482000 	/usr/lib/libsqlite3.dylib
0x000000000f482000 	/usr/lib/libxar.1.dylib
0x000000000f482000 	/usr/lib/libbz2.1.0.dylib
0x000000000f482000 	/usr/lib/liblzma.5.dylib
0x000000000f482000 	/usr/lib/libnetwork.dylib
0x000000000f482000 	/usr/lib/libpcap.A.dylib
0x000000000f482000 	/System/Library/Frameworks/CoreServices.framework/Versions/A/Frameworks/FSEvents.framework/Versions/A/FSEvents
0x000000000f482000 	/System/Library/Frameworks/CoreServices.framework/Versions/A/Frameworks/CarbonCore.framework/Versions/A/CarbonCore
0x000000000f482000 	/System/Library/Frameworks/CoreServices.framework/Versions/A/Frameworks/Metadata.framework/Versions/A/Metadata
0x000000000f482000 	/System/Library/Frameworks/CoreServices.framework/Versions/A/Frameworks/OSServices.framework/Versions/A/OSServices
0x000000000f482000 	/System/Library/Frameworks/CoreServices.framework/Versions/A/Frameworks/SearchKit.framework/Versions/A/SearchKit
0x000000000f482000 	/System/Library/Frameworks/CoreServices.framework/Versions/A/Frameworks/AE.framework/Versions/A/AE
0x000000000f482000 	/System/Library/Frameworks/CoreServices.framework/Versions/A/Frameworks/LaunchServices.framework/Versions/A/LaunchServices
0x000000000f482000 	/System/Library/Frameworks/CoreServices.framework/Versions/A/Frameworks/DictionaryServices.framework/Versions/A/DictionaryServices
0x000000000f482000 	/System/Library/Frameworks/CoreServices.framework/Versions/A/Frameworks/SharedFileList.framework/Versions/A/SharedFileList
0x000000000f482000 	/System/Library/Frameworks/NetFS.framework/Versions/A/NetFS
0x000000000f482000 	/System/Library/PrivateFrameworks/NetAuth.framework/Versions/A/NetAuth
0x000000000f482000 	/System/Library/PrivateFrameworks/login.framework/Versions/A/Frameworks/loginsupport.framework/Versions/A/loginsupport
0x000000000f482000 	/System/Library/PrivateFrameworks/TCC.framework/Versions/A/TCC
0x000000000f482000 	/usr/lib/libmecabra.dylib
0x000000000f482000 	/System/Library/Frameworks/ApplicationServices.framework/Versions/A/Frameworks/ATS.framework/Versions/A/ATS
0x000000000f482000 	/System/Library/Frameworks/ApplicationServices.framework/Versions/A/Frameworks/ColorSync.framework/Versions/A/ColorSync
0x000000000f482000 	/System/Library/Frameworks/ApplicationServices.framework/Versions/A/Frameworks/HIServices.framework/Versions/A/HIServices
0x000000000f482000 	/System/Library/Frameworks/ApplicationServices.framework/Versions/A/Frameworks/LangAnalysis.framework/Versions/A/LangAnalysis
0x000000000f482000 	/System/Library/Frameworks/ApplicationServices.framework/Versions/A/Frameworks/PrintCore.framework/Versions/A/PrintCore
0x000000000f482000 	/System/Library/Frameworks/ApplicationServices.framework/Versions/A/Frameworks/QD.framework/Versions/A/QD
0x000000000f482000 	/System/Library/Frameworks/ApplicationServices.framework/Versions/A/Frameworks/SpeechSynthesis.framework/Versions/A/SpeechSynthesis
0x000000000f482000 	/System/Library/Frameworks/Accelerate.framework/Versions/A/Frameworks/vImage.framework/Versions/A/vImage
0x000000000f482000 	/System/Library/Frameworks/Accelerate.framework/Versions/A/Frameworks/vecLib.framework/Versions/A/vecLib
0x000000000f482000 	/System/Library/Frameworks/Accelerate.framework/Versions/A/Frameworks/vecLib.framework/Versions/A/libvDSP.dylib
0x000000000f482000 	/System/Library/Frameworks/Accelerate.framework/Versions/A/Frameworks/vecLib.framework/Versions/A/libBNNS.dylib
0x000000000f482000 	/System/Library/Frameworks/Accelerate.framework/Versions/A/Frameworks/vecLib.framework/Versions/A/libQuadrature.dylib
0x000000000f482000 	/System/Library/Frameworks/Accelerate.framework/Versions/A/Frameworks/vecLib.framework/Versions/A/libvMisc.dylib
0x000000000f482000 	/System/Library/Frameworks/Accelerate.framework/Versions/A/Frameworks/vecLib.framework/Versions/A/libLAPACK.dylib
0x000000000f482000 	/System/Library/Frameworks/Accelerate.framework/Versions/A/Frameworks/vecLib.framework/Versions/A/libBLAS.dylib
0x000000000f482000 	/System/Library/Frameworks/Accelerate.framework/Versions/A/Frameworks/vecLib.framework/Versions/A/libLinearAlgebra.dylib
0x000000000f482000 	/System/Library/Frameworks/Accelerate.framework/Versions/A/Frameworks/vecLib.framework/Versions/A/libSparseBLAS.dylib
0x000000000f482000 	/System/Library/Frameworks/ApplicationServices.framework/Versions/A/Frameworks/ATS.framework/Versions/A/Resources/libFontParser.dylib
0x000000000f482000 	/System/Library/Frameworks/ApplicationServices.framework/Versions/A/Frameworks/ATS.framework/Versions/A/Resources/libFontRegistry.dylib
0x000000000f482000 	/System/Library/Frameworks/ImageIO.framework/Versions/A/Resources/libJPEG.dylib
0x000000000f482000 	/System/Library/Frameworks/ImageIO.framework/Versions/A/Resources/libTIFF.dylib
0x000000000f482000 	/System/Library/Frameworks/ImageIO.framework/Versions/A/Resources/libPng.dylib
0x000000000f482000 	/System/Library/Frameworks/ImageIO.framework/Versions/A/Resources/libGIF.dylib
0x000000000f482000 	/System/Library/Frameworks/ImageIO.framework/Versions/A/Resources/libJP2.dylib
0x000000000f482000 	/System/Library/Frameworks/ImageIO.framework/Versions/A/Resources/libRadiance.dylib
0x000000000f482000 	/usr/lib/libcompression.dylib
0x000000000f482000 	/System/Library/PrivateFrameworks/AppleJPEG.framework/Versions/A/AppleJPEG
0x000000000f482000 	/usr/lib/libcups.2.dylib
0x000000000f482000 	/System/Library/Frameworks/Kerberos.framework/Versions/A/Kerberos
0x000000000f482000 	/System/Library/Frameworks/GSS.framework/Versions/A/GSS
0x000000000f482000 	/usr/lib/libresolv.9.dylib
0x000000000f482000 	/usr/lib/libiconv.2.dylib
0x000000000f482000 	/System/Library/PrivateFrameworks/Heimdal.framework/Versions/A/Heimdal
0x000000000f482000 	/usr/lib/libheimdal-asn1.dylib
0x000000000f482000 	/System/Library/Frameworks/OpenDirectory.framework/Versions/A/OpenDirectory
0x000000000f482000 	/System/Library/PrivateFrameworks/CommonAuth.framework/Versions/A/CommonAuth
0x000000000f482000 	/System/Library/Frameworks/OpenDirectory.framework/Versions/A/Frameworks/CFOpenDirectory.framework/Versions/A/CFOpenDirectory
0x000000000f482000 	/System/Library/Frameworks/SecurityFoundation.framework/Versions/A/SecurityFoundation
0x000000000f482000 	/System/Library/PrivateFrameworks/LanguageModeling.framework/Versions/A/LanguageModeling
0x000000000f482000 	/usr/lib/libmarisa.dylib
0x000000000f482000 	/usr/lib/libChineseTokenizer.dylib
0x000000000f482000 	/usr/lib/libcmph.dylib
0x000000000f482000 	/System/Library/PrivateFrameworks/CoreEmoji.framework/Versions/A/CoreEmoji
0x000000000f482000 	/System/Library/Frameworks/ServiceManagement.framework/Versions/A/ServiceManagement
0x000000000f482000 	/usr/lib/libxslt.1.dylib
0x000000000f482000 	/System/Library/Frameworks/Carbon.framework/Versions/A/Frameworks/Ink.framework/Versions/A/Ink
0x000000000f482000 	/System/Library/PrivateFrameworks/TextureIO.framework/Versions/A/TextureIO
0x000000000f482000 	/System/Library/Frameworks/Metal.framework/Versions/A/Metal
0x000000000f482000 	/usr/lib/libate.dylib
0x000000000f482000 	/System/Library/PrivateFrameworks/GPUCompiler.framework/libmetal_timestamp.dylib
0x000000000f482000 	/System/Library/Frameworks/OpenGL.framework/Versions/A/Libraries/libCoreFSCache.dylib
0x000000000f482000 	/System/Library/PrivateFrameworks/IOAccelerator.framework/Versions/A/IOAccelerator
0x000000000f482000 	/System/Library/Frameworks/CoreVideo.framework/Versions/A/CoreVideo
0x000000000f482000 	/usr/lib/libFosl_dynamic.dylib
0x000000000f482000 	/System/Library/PrivateFrameworks/MetalPerformanceShaders.framework/Versions/A/MetalPerformanceShaders
0x000000000f482000 	/System/Library/PrivateFrameworks/FaceCore.framework/Versions/A/FaceCore
0x000000000f482000 	/System/Library/Frameworks/OpenCL.framework/Versions/A/OpenCL
0x000000000f482000 	/System/Library/Frameworks/OpenGL.framework/Versions/A/Libraries/libGLU.dylib
0x000000000f482000 	/System/Library/Frameworks/OpenGL.framework/Versions/A/Libraries/libGFXShared.dylib
0x000000000f482000 	/System/Library/Frameworks/OpenGL.framework/Versions/A/Libraries/libGL.dylib
0x000000000f482000 	/System/Library/Frameworks/OpenGL.framework/Versions/A/Libraries/libGLImage.dylib
0x000000000f482000 	/System/Library/Frameworks/OpenGL.framework/Versions/A/Libraries/libCVMSPluginSupport.dylib
0x000000000f482000 	/System/Library/Frameworks/OpenGL.framework/Versions/A/Libraries/libCoreVMClient.dylib
0x000000000f482000 	/System/Library/PrivateFrameworks/CrashReporterSupport.framework/Versions/A/CrashReporterSupport
0x000000000f482000 	/System/Library/PrivateFrameworks/Sharing.framework/Versions/A/Sharing
0x000000000f482000 	/System/Library/PrivateFrameworks/IconServices.framework/Versions/A/IconServices
0x000000000f482000 	/System/Library/PrivateFrameworks/ProtocolBuffer.framework/Versions/A/ProtocolBuffer
0x000000000f482000 	/System/Library/PrivateFrameworks/Apple80211.framework/Versions/A/Apple80211
0x000000000f482000 	/System/Library/Frameworks/CoreWLAN.framework/Versions/A/CoreWLAN
0x000000000f482000 	/System/Library/PrivateFrameworks/CoreUtils.framework/Versions/A/CoreUtils
0x000000000f482000 	/System/Library/Frameworks/IOBluetooth.framework/Versions/A/IOBluetooth
0x000000000f482000 	/System/Library/PrivateFrameworks/CoreWiFi.framework/Versions/A/CoreWiFi
0x000000000f482000 	/System/Library/Frameworks/CoreBluetooth.framework/Versions/A/CoreBluetooth
0x000000000f482000 	/System/Library/Frameworks/CoreDisplay.framework/Versions/A/CoreDisplay
0x000000000f482000 	/System/Library/PrivateFrameworks/IOPresentment.framework/Versions/A/IOPresentment
0x000000000f482000 	/System/Library/PrivateFrameworks/DSExternalDisplay.framework/Versions/A/DSExternalDisplay
0x000000000f482000 	/System/Library/PrivateFrameworks/DebugSymbols.framework/Versions/A/DebugSymbols
0x000000000f482000 	/System/Library/PrivateFrameworks/CoreSymbolication.framework/Versions/A/CoreSymbolication
0x000000000f482000 	/System/Library/PrivateFrameworks/Symbolication.framework/Versions/A/Symbolication
0x000000000f482000 	/System/Library/PrivateFrameworks/AppleFSCompression.framework/Versions/A/AppleFSCompression
0x000000000f482000 	/System/Library/PrivateFrameworks/SpeechRecognitionCore.framework/Versions/A/SpeechRecognitionCore
0x000000000f482000 	/System/Library/PrivateFrameworks/ChunkingLibrary.framework/Versions/A/ChunkingLibrary
0x000000004612c000 	/System/Library/CoreServices/Encodings/libJapaneseConverter.dylib
0x0000000100a7e000 	/Library/Java/JavaVirtualMachines/jdk1.8.0_112.jdk/Contents/Home/jre/lib/server/libjvm.dylib
0x000000000f482000 	/usr/lib/libstdc++.6.dylib
0x0000000101a20000 	/Library/Java/JavaVirtualMachines/jdk1.8.0_112.jdk/Contents/Home/jre/lib/libverify.dylib
0x0000000101a2e000 	/Library/Java/JavaVirtualMachines/jdk1.8.0_112.jdk/Contents/Home/jre/lib/libjava.dylib
0x0000000101a6d000 	/Library/Java/JavaVirtualMachines/jdk1.8.0_112.jdk/Contents/Home/jre/lib/libzip.dylib
0x0000000106b2c000 	/System/Library/Frameworks/JavaVM.framework/Frameworks/JavaRuntimeSupport.framework/JavaRuntimeSupport
0x0000000106b46000 	/System/Library/Frameworks/JavaVM.framework/Versions/A/Frameworks/JavaNativeFoundation.framework/Versions/A/JavaNativeFoundation
0x0000000106b5b000 	/System/Library/Frameworks/JavaVM.framework/Versions/A/JavaVM
0x000000000f482000 	/System/Library/Frameworks/Carbon.framework/Versions/A/Carbon
0x0000000106b68000 	/System/Library/PrivateFrameworks/JavaLaunching.framework/Versions/A/JavaLaunching
0x000000000f482000 	/System/Library/Frameworks/Carbon.framework/Versions/A/Frameworks/CommonPanels.framework/Versions/A/CommonPanels
0x000000000f482000 	/System/Library/Frameworks/Carbon.framework/Versions/A/Frameworks/Help.framework/Versions/A/Help
0x000000000f482000 	/System/Library/Frameworks/Carbon.framework/Versions/A/Frameworks/ImageCapture.framework/Versions/A/ImageCapture
0x000000000f482000 	/System/Library/Frameworks/Carbon.framework/Versions/A/Frameworks/OpenScripting.framework/Versions/A/OpenScripting
0x000000000f482000 	/System/Library/Frameworks/Carbon.framework/Versions/A/Frameworks/Print.framework/Versions/A/Print
0x000000000f482000 	/System/Library/Frameworks/Carbon.framework/Versions/A/Frameworks/SecurityHI.framework/Versions/A/SecurityHI
0x0000000108481000 	/Library/Java/JavaVirtualMachines/jdk1.8.0_112.jdk/Contents/Home/jre/lib/libawt.dylib
0x0000000108529000 	/Library/Java/JavaVirtualMachines/jdk1.8.0_112.jdk/Contents/Home/jre/lib/./libmlib_image.dylib
0x00000001085f5000 	/Library/Java/JavaVirtualMachines/jdk1.8.0_112.jdk/Contents/Home/jre/lib/libawt_lwawt.dylib
0x00000001086ac000 	/Library/Java/JavaVirtualMachines/jdk1.8.0_112.jdk/Contents/Home/jre/lib/./libosxapp.dylib
0x000000000f482000 	/System/Library/Frameworks/ExceptionHandling.framework/Versions/A/ExceptionHandling
0x000000000f482000 	/System/Library/PrivateFrameworks/CoreServicesInternal.framework/Versions/A/CoreServicesInternal
0x000000000f482000 	/System/Library/CoreServices/RawCamera.bundle/Contents/MacOS/RawCamera
0x0000000108b23000 	/System/Library/Frameworks/Accelerate.framework/Frameworks/vImage.framework/Versions/A/Libraries/libCGInterfaces.dylib
0x000000000f482000 	/System/Library/Frameworks/ApplicationServices.framework/Versions/A/Frameworks/ATS.framework/Versions/A/Resources/libTrueTypeScaler.dylib
0x000000010a687000 	/System/Library/Frameworks/OpenGL.framework/Resources/GLEngine.bundle/GLEngine
0x000000000f482000 	/System/Library/Frameworks/OpenGL.framework/Versions/A/Libraries/libGLProgrammability.dylib
0x000000010a86c000 	/System/Library/Extensions/AppleIntelSKLGraphicsGLDriver.bundle/Contents/MacOS/AppleIntelSKLGraphicsGLDriver
0x000000000f482000 	/System/Library/PrivateFrameworks/GPUSupport.framework/Versions/A/Libraries/libGPUSupportMercury.dylib
0x000000010b5f3000 	/System/Library/Extensions/AMDRadeonX4000GLDriver.bundle/Contents/MacOS/AMDRadeonX4000GLDriver
0x0000000122773000 	/System/Library/Extensions/AMDRadeonX4000GLDriver.bundle/Contents/MacOS/ATIRadeonX4000SCLib.dylib
0x0000000122d50000 	/System/Library/Frameworks/OpenGL.framework/Resources//GLRendererFloat.bundle/GLRendererFloat
0x000000000f482000 	/System/Library/Frameworks/OpenCL.framework/Versions/A/Libraries/libcldcpuengine.dylib
0x000000000f482000 	/usr/lib/libcrypto.0.9.8.dylib
0x000000000f482000 	/System/Library/PrivateFrameworks/TrustEvaluationAgent.framework/Versions/A/TrustEvaluationAgent
0x0000000122d84000 	/System/Library/Extensions/AppleIntelSKLGraphicsMTLDriver.bundle/Contents/MacOS/AppleIntelSKLGraphicsMTLDriver
0x000000000f482000 	/System/Library/Extensions/AMDMTLBronzeDriver.bundle/Contents/MacOS/AMDMTLBronzeDriver
0x000000000f482000 	/System/Library/PrivateFrameworks/IOAccelMemoryInfo.framework/Versions/A/IOAccelMemoryInfo
0x000000000f482000 	/System/Library/PrivateFrameworks/FamilyControls.framework/Versions/A/FamilyControls
0x000000000f482000 	/System/Library/PrivateFrameworks/CommerceKit.framework/Versions/A/Frameworks/CommerceCore.framework/Versions/A/CommerceCore
0x000000000f482000 	/System/Library/PrivateFrameworks/SystemAdministration.framework/Versions/A/SystemAdministration
0x000000000f482000 	/System/Library/PrivateFrameworks/AppContainer.framework/Versions/A/AppContainer
0x000000000f482000 	/System/Library/PrivateFrameworks/SecCodeWrapper.framework/Versions/A/SecCodeWrapper
0x000000000f482000 	/System/Library/Frameworks/DirectoryService.framework/Versions/A/DirectoryService
0x000000000f482000 	/System/Library/PrivateFrameworks/DiskImages.framework/Versions/A/DiskImages
0x000000000f482000 	/System/Library/PrivateFrameworks/LoginUIKit.framework/Versions/A/Frameworks/LoginUICore.framework/Versions/A/LoginUICore
0x000000000f482000 	/usr/lib/libCoreStorage.dylib
0x000000000f482000 	/usr/lib/libcsfde.dylib
0x000000000f482000 	/usr/lib/libodfde.dylib
0x000000000f482000 	/System/Library/Frameworks/DiscRecording.framework/Versions/A/DiscRecording
0x000000000f482000 	/usr/lib/libcurl.4.dylib
0x000000000f482000 	/System/Library/PrivateFrameworks/MediaKit.framework/Versions/A/MediaKit
0x000000000f482000 	/System/Library/PrivateFrameworks/ProtectedCloudStorage.framework/Versions/A/ProtectedCloudStorage
0x000000000f482000 	/System/Library/PrivateFrameworks/EFILogin.framework/Versions/A/EFILogin
0x000000000f482000 	/usr/lib/libutil.dylib
0x000000000f482000 	/System/Library/Frameworks/LDAP.framework/Versions/A/LDAP
0x000000000f482000 	/usr/lib/libsasl2.2.dylib
0x000000000f482000 	/System/Library/PrivateFrameworks/CoreDaemon.framework/Versions/B/CoreDaemon
0x000000000f482000 	/System/Library/PrivateFrameworks/AppleSRP.framework/Versions/A/AppleSRP
0x000000000f482000 	/System/Library/PrivateFrameworks/APFS.framework/Versions/A/APFS
0x000000012457a000 	/Library/Java/JavaVirtualMachines/jdk1.8.0_112.jdk/Contents/Home/jre/lib/libfontmanager.dylib
0x00000001245e1000 	/Library/Java/JavaVirtualMachines/jdk1.8.0_112.jdk/Contents/Home/jre/lib/libosxui.dylib
0x000000000f482000 	/System/Library/PrivateFrameworks/ViewBridge.framework/Versions/A/ViewBridge
0x000000000f482000 	/System/Library/PrivateFrameworks/XPCService.framework/Versions/A/XPCService
0x000000000f482000 	/System/Library/PrivateFrameworks/AppSandbox.framework/Versions/A/AppSandbox
0x000000000f482000 	/usr/lib/libsandbox.1.dylib
0x000000000f482000 	/usr/lib/libMatch.1.dylib
0x0000000125a68000 	/Library/Java/JavaVirtualMachines/jdk1.8.0_112.jdk/Contents/Home/jre/lib/libjsound.dylib
0x0000000125a7b000 	/System/Library/Frameworks/CoreMIDI.framework/Versions/A/CoreMIDI
0x0000000125ae1000 	/usr/lib/libexpat.1.dylib
0x0000000125b04000 	/System/Library/Extensions/AppleHDA.kext/Contents/PlugIns/AppleHDAHALPlugIn.bundle/Contents/MacOS/AppleHDAHALPlugIn
0x000000012ec06000 	/Library/Java/JavaVirtualMachines/jdk1.8.0_112.jdk/Contents/Home/jre/lib/libnet.dylib
0x000000012e969000 	/Library/Java/JavaVirtualMachines/jdk1.8.0_112.jdk/Contents/Home/jre/lib/libnio.dylib
0x000000000f482000 	/System/Library/PrivateFrameworks/CloudDocs.framework/Versions/A/CloudDocs
0x000000000f482000 	/System/Library/Frameworks/CloudKit.framework/Versions/A/CloudKit
0x000000000f482000 	/System/Library/PrivateFrameworks/MMCS.framework/Versions/A/MMCS
0x000000000f482000 	/System/Library/Frameworks/CoreLocation.framework/Versions/A/CoreLocation
0x000000000f482000 	/System/Library/PrivateFrameworks/AssetCacheServices.framework/Versions/A/AssetCacheServices
0x000000000f482000 	/System/Library/PrivateFrameworks/GeoServices.framework/Versions/A/GeoServices
0x0000000197fb0000 	/System/Library/Components/CoreAudio.component/Contents/MacOS/CoreAudio
0x0000000198871000 	/Library/Java/Extensions/librxtxSerial.jnilib

VM Arguments:
jvm_args: -Djava.library.path=/Library/Java/Extensions -Dfile.encoding=UTF-8 
java_command: legendofakira.Main
java_class_path (initial): /Users/yoshikihonda/eclipse-workspace/LegendOfAkira/bin:/Library/Java/Extensions/RXTXcomm.jar:/Library/Java/Extensions/basicplayer3.0.jar:/Library/Java/Extensions/jl1.0.1.jar:/Library/Java/Extensions/commons-logging-1.2.jar:/Library/Java/Extensions/mp3plugin.jar
Launcher Type: SUN_STANDARD

Environment Variables:
PATH=/usr/bin:/bin:/usr/sbin:/sbin
SHELL=/bin/bash
DISPLAY=/private/tmp/com.apple.launchd.JXOyzP9rnm/org.macosforge.xquartz:0

Signal Handlers:
SIGSEGV: [libjvm.dylib+0x5b11a5], sa_mask[0]=11111111011111110111111111111111, sa_flags=SA_ONSTACK|SA_RESTART|SA_SIGINFO
SIGBUS: [libjvm.dylib+0x5b11a5], sa_mask[0]=11111111011111110111111111111111, sa_flags=SA_RESTART|SA_SIGINFO
SIGFPE: [libjvm.dylib+0x487dc0], sa_mask[0]=11111111011111110111111111111111, sa_flags=SA_RESTART|SA_SIGINFO
SIGPIPE: [libjvm.dylib+0x487dc0], sa_mask[0]=11111111011111110111111111111111, sa_flags=SA_RESTART|SA_SIGINFO
SIGXFSZ: [libjvm.dylib+0x487dc0], sa_mask[0]=11111111011111110111111111111111, sa_flags=SA_RESTART|SA_SIGINFO
SIGILL: [libjvm.dylib+0x487dc0], sa_mask[0]=11111111011111110111111111111111, sa_flags=SA_RESTART|SA_SIGINFO
SIGUSR1: SIG_DFL, sa_mask[0]=00000000000000000000000000000000, sa_flags=none
SIGUSR2: [libjvm.dylib+0x4878de], sa_mask[0]=00100000000000000000000000000000, sa_flags=SA_RESTART|SA_SIGINFO
SIGHUP: [libjvm.dylib+0x485eb5], sa_mask[0]=11111111011111110111111111111111, sa_flags=SA_RESTART|SA_SIGINFO
SIGINT: [libjvm.dylib+0x485eb5], sa_mask[0]=11111111011111110111111111111111, sa_flags=SA_RESTART|SA_SIGINFO
SIGTERM: [libjvm.dylib+0x485eb5], sa_mask[0]=11111111011111110111111111111111, sa_flags=SA_RESTART|SA_SIGINFO
SIGQUIT: [libjvm.dylib+0x485eb5], sa_mask[0]=11111111011111110111111111111111, sa_flags=SA_RESTART|SA_SIGINFO


---------------  S Y S T E M  ---------------

OS:Bsduname:Darwin 16.7.0 Darwin Kernel Version 16.7.0: Thu Jun 15 17:36:27 PDT 2017; root:xnu-3789.70.16~2/RELEASE_X86_64 x86_64
rlimit: STACK 8192k, CORE 0k, NPROC 709, NOFILE 10240, AS infinity
load average:1.50 1.30 1.20

CPU:total 8 (4 cores per cpu, 2 threads per core) family 6 model 94 stepping 3, cmov, cx8, fxsr, mmx, sse, sse2, sse3, ssse3, sse4.1, sse4.2, popcnt, avx, avx2, aes, clmul, erms, rtm, 3dnowpref, lzcnt, ht, tsc, tscinvbit, bmi1, bmi2, adx

Memory: 4k page, physical 16777216k(1292620k free)

/proc/meminfo:


vm_info: Java HotSpot(TM) 64-Bit Server VM (25.112-b16) for bsd-amd64 JRE (1.8.0_112-b16), built on Sep 30 2016 22:41:41 by "java_re" with gcc 4.2.1 (Based on Apple Inc. build 5658) (LLVM build 2336.11.00)

time: Wed Aug  2 13:20:33 2017
elapsed time: 14 seconds (0d 0h 0m 14s)

